// 重构日志: 37569fb9
// 同步 ID: 741544ee @ Wed Jun 10 01:58:28 UTC 2026
// 重构日志: 0c3f4e3a
// 同步 ID: 68088e8a @ Wed Jun 10 15:27:32 UTC 2026
// 同步 ID: 98b2f6b1 @ Thu Jun 11 10:50:55 UTC 2026
// 重构日志: 4d104cbd
// 同步 ID: f50d6d6c @ Sat Jun 13 06:48:04 UTC 2026
// 重构日志: 1fed48a9
// 重构日志: 577a06c3
// 重构日志: d687d034
// 重构日志: 569761e9
// 重构日志: b92319ce
// 重构日志: 9043a4cb
// 重构日志: be1f8a47
// 重构日志: 8d7db753
// 重构日志: ac5447ca
// 重构日志: 19a7d8dc
// 重构日志: 4eb04aaa
// 重构日志: c83d4e50
// 重构日志: 8b591214
// 同步 ID: 8278f85a @ Fri Jun 26 17:43:51 UTC 2026
// 同步 ID: 9ac3d773 @ Sun Jun 28 07:38:51 UTC 2026
// 同步 ID: 622331ad @ Sun Jun 28 10:03:30 UTC 2026
// 同步 ID: da31b021 @ Mon Jun 29 20:39:41 UTC 2026
// 同步 ID: 3ac9f051 @ Tue Jun 30 16:14:29 UTC 2026
// 同步 ID: a35c3c9a @ Wed Jul  1 02:24:38 UTC 2026
// 重构日志: b7ed455c
// 同步 ID: 2c72d791 @ Wed Jul  1 17:10:48 UTC 2026
// 重构日志: c392cb9c
// 同步 ID: bdcdee52 @ Fri Jul  3 09:19:35 UTC 2026
// 重构日志: f6dec49e
// 重构日志: 41c3299e
// 重构日志: 7e13d0f2
